<?xml version="1.0" encoding="UTF-8"?>
<testsuite name="com.jojoldu.book.springboot.web.IndexControllerTest" tests="1" skipped="0" failures="0" errors="0" timestamp="2021-12-08T15:54:20" hostname="cheoljinMacBookPro.local" time="0.597">
  <properties/>
  <testcase name="메인페이지_로딩()" classname="com.jojoldu.book.springboot.web.IndexControllerTest" time="0.597"/>
  <system-out><![CDATA[2021-12-09 00:54:14.282  INFO 26926 --- [    Test worker] .b.t.c.SpringBootTestContextBootstrapper : Neither @ContextConfiguration nor @ContextHierarchy found for test class [com.jojoldu.book.springboot.web.IndexControllerTest], using SpringBootContextLoader
2021-12-09 00:54:14.284  INFO 26926 --- [    Test worker] o.s.t.c.support.AbstractContextLoader    : Could not detect default resource locations for test class [com.jojoldu.book.springboot.web.IndexControllerTest]: no resource found for suffixes {-context.xml, Context.groovy}.
2021-12-09 00:54:14.285  INFO 26926 --- [    Test worker] t.c.s.AnnotationConfigContextLoaderUtils : Could not detect default configuration classes for test class [com.jojoldu.book.springboot.web.IndexControllerTest]: IndexControllerTest does not declare any static, non-private, non-final, nested classes annotated with @Configuration.
2021-12-09 00:54:14.289  INFO 26926 --- [    Test worker] .b.t.c.SpringBootTestContextBootstrapper : Found @SpringBootConfiguration com.jojoldu.book.springboot.Application for test class com.jojoldu.book.springboot.web.IndexControllerTest
2021-12-09 00:54:14.297  INFO 26926 --- [    Test worker] .b.t.c.SpringBootTestContextBootstrapper : Loaded default TestExecutionListener class names from location [META-INF/spring.factories]: [org.springframework.boot.test.autoconfigure.restdocs.RestDocsTestExecutionListener, org.springframework.boot.test.autoconfigure.web.client.MockRestServiceServerResetTestExecutionListener, org.springframework.boot.test.autoconfigure.web.servlet.MockMvcPrintOnlyOnFailureTestExecutionListener, org.springframework.boot.test.autoconfigure.web.servlet.WebDriverTestExecutionListener, org.springframework.boot.test.autoconfigure.webservices.client.MockWebServiceServerTestExecutionListener, org.springframework.boot.test.mock.mockito.MockitoTestExecutionListener, org.springframework.boot.test.mock.mockito.ResetMocksTestExecutionListener, org.springframework.test.context.web.ServletTestExecutionListener, org.springframework.test.context.support.DirtiesContextBeforeModesTestExecutionListener, org.springframework.test.context.support.DependencyInjectionTestExecutionListener, org.springframework.test.context.support.DirtiesContextTestExecutionListener, org.springframework.test.context.transaction.TransactionalTestExecutionListener, org.springframework.test.context.jdbc.SqlScriptsTestExecutionListener, org.springframework.test.context.event.EventPublishingTestExecutionListener]
2021-12-09 00:54:14.314  INFO 26926 --- [    Test worker] .b.t.c.SpringBootTestContextBootstrapper : Using TestExecutionListeners: [org.springframework.test.context.web.ServletTestExecutionListener@658d0b78, org.springframework.test.context.support.DirtiesContextBeforeModesTestExecutionListener@3efc3595, org.springframework.boot.test.mock.mockito.MockitoTestExecutionListener@59a0d2df, org.springframework.boot.test.autoconfigure.SpringBootDependencyInjectionTestExecutionListener@22f8c555, org.springframework.test.context.support.DirtiesContextTestExecutionListener@2fa3ccb9, org.springframework.test.context.transaction.TransactionalTestExecutionListener@70ac0445, org.springframework.test.context.jdbc.SqlScriptsTestExecutionListener@2f4516a5, org.springframework.test.context.event.EventPublishingTestExecutionListener@4bf3bc75, org.springframework.boot.test.autoconfigure.restdocs.RestDocsTestExecutionListener@7a0467b6, org.springframework.boot.test.autoconfigure.web.client.MockRestServiceServerResetTestExecutionListener@6a9ada9f, org.springframework.boot.test.autoconfigure.web.servlet.MockMvcPrintOnlyOnFailureTestExecutionListener@6ded0957, org.springframework.boot.test.autoconfigure.web.servlet.WebDriverTestExecutionListener@3bab008b, org.springframework.boot.test.autoconfigure.webservices.client.MockWebServiceServerTestExecutionListener@624be99f, org.springframework.boot.test.mock.mockito.ResetMocksTestExecutionListener@5e39996b]

  .   ____          _            __ _ _
 /\\ / ___'_ __ _ _(_)_ __  __ _ \ \ \ \
( ( )\___ | '_ | '_| | '_ \/ _` | \ \ \ \
 \\/  ___)| |_)| | | | | || (_| |  ) ) ) )
  '  |____| .__|_| |_|_| |_\__, | / / / /
 =========|_|==============|___/=/_/_/_/
 :: Spring Boot ::                (v2.4.1)

2021-12-09 00:54:14.410  INFO 26926 --- [    Test worker] c.j.b.s.web.IndexControllerTest          : Starting IndexControllerTest using Java 11.0.12 on cheoljinMacBookPro.local with PID 26926 (started by cheoljin in /Users/cheoljin/cheoljin-workspace/freelec-springboot2-webservice)
2021-12-09 00:54:14.411  INFO 26926 --- [    Test worker] c.j.b.s.web.IndexControllerTest          : The following profiles are active: oauth
2021-12-09 00:54:14.951  INFO 26926 --- [    Test worker] .s.d.r.c.RepositoryConfigurationDelegate : Bootstrapping Spring Data JPA repositories in DEFAULT mode.
2021-12-09 00:54:15.030  INFO 26926 --- [    Test worker] .s.d.r.c.RepositoryConfigurationDelegate : Finished Spring Data repository scanning in 70 ms. Found 2 JPA repository interfaces.
2021-12-09 00:54:15.765  INFO 26926 --- [    Test worker] o.s.b.w.embedded.tomcat.TomcatWebServer  : Tomcat initialized with port(s): 0 (http)
2021-12-09 00:54:15.781  INFO 26926 --- [    Test worker] o.apache.catalina.core.StandardService   : Starting service [Tomcat]
2021-12-09 00:54:15.782  INFO 26926 --- [    Test worker] org.apache.catalina.core.StandardEngine  : Starting Servlet engine: [Apache Tomcat/9.0.41]
2021-12-09 00:54:15.958  INFO 26926 --- [    Test worker] o.a.c.c.C.[Tomcat].[localhost].[/]       : Initializing Spring embedded WebApplicationContext
2021-12-09 00:54:15.959  INFO 26926 --- [    Test worker] w.s.c.ServletWebServerApplicationContext : Root WebApplicationContext: initialization completed in 1543 ms
2021-12-09 00:54:16.045  INFO 26926 --- [    Test worker] com.zaxxer.hikari.HikariDataSource       : HikariPool-1 - Starting...
2021-12-09 00:54:16.320  INFO 26926 --- [    Test worker] com.zaxxer.hikari.HikariDataSource       : HikariPool-1 - Start completed.
2021-12-09 00:54:16.336  INFO 26926 --- [    Test worker] o.s.b.a.h2.H2ConsoleAutoConfiguration    : H2 console available at '/h2-console'. Database available at 'jdbc:h2:mem:testdb'
2021-12-09 00:54:16.719  INFO 26926 --- [    Test worker] o.hibernate.jpa.internal.util.LogHelper  : HHH000204: Processing PersistenceUnitInfo [name: default]
2021-12-09 00:54:16.805  INFO 26926 --- [    Test worker] org.hibernate.Version                    : HHH000412: Hibernate ORM core version 5.4.25.Final
2021-12-09 00:54:17.043  INFO 26926 --- [    Test worker] o.hibernate.annotations.common.Version   : HCANN000001: Hibernate Commons Annotations {5.1.2.Final}
2021-12-09 00:54:17.209  INFO 26926 --- [    Test worker] org.hibernate.dialect.Dialect            : HHH000400: Using dialect: org.hibernate.dialect.MySQL57Dialect
Hibernate: drop table if exists posts
Hibernate: drop table if exists user
Hibernate: create table posts (id bigint not null auto_increment, created_date datetime(6), modified_date datetime(6), author varchar(255), content TEXT not null, title varchar(500) not null, primary key (id)) engine=InnoDB
Hibernate: create table user (id bigint not null auto_increment, created_date datetime(6), modified_date datetime(6), email varchar(255) not null, name varchar(255) not null, picture varchar(255), role varchar(255), primary key (id)) engine=InnoDB
2021-12-09 00:54:18.278  INFO 26926 --- [    Test worker] o.h.e.t.j.p.i.JtaPlatformInitiator       : HHH000490: Using JtaPlatform implementation: [org.hibernate.engine.transaction.jta.platform.internal.NoJtaPlatform]
2021-12-09 00:54:18.290  INFO 26926 --- [    Test worker] j.LocalContainerEntityManagerFactoryBean : Initialized JPA EntityManagerFactory for persistence unit 'default'
2021-12-09 00:54:19.160  WARN 26926 --- [    Test worker] JpaBaseConfiguration$JpaWebConfiguration : spring.jpa.open-in-view is enabled by default. Therefore, database queries may be performed during view rendering. Explicitly configure spring.jpa.open-in-view to disable this warning
2021-12-09 00:54:19.748  INFO 26926 --- [    Test worker] o.s.s.web.DefaultSecurityFilterChain     : Will secure any request with [org.springframework.security.web.context.request.async.WebAsyncManagerIntegrationFilter@6874b51d, org.springframework.security.web.context.SecurityContextPersistenceFilter@6950794b, org.springframework.security.web.header.HeaderWriterFilter@48650f25, org.springframework.security.web.authentication.logout.LogoutFilter@2e51f9d0, org.springframework.security.oauth2.client.web.OAuth2AuthorizationRequestRedirectFilter@1d9869ad, org.springframework.security.oauth2.client.web.OAuth2LoginAuthenticationFilter@447a5b0, org.springframework.security.web.authentication.ui.DefaultLoginPageGeneratingFilter@4ffdfae, org.springframework.security.web.authentication.ui.DefaultLogoutPageGeneratingFilter@2b3d7127, org.springframework.security.web.savedrequest.RequestCacheAwareFilter@25edbeb, org.springframework.security.web.servletapi.SecurityContextHolderAwareRequestFilter@23944abd, org.springframework.security.web.authentication.AnonymousAuthenticationFilter@3f06f5bb, org.springframework.security.web.session.SessionManagementFilter@6a25f807, org.springframework.security.web.access.ExceptionTranslationFilter@7fbf1c45, org.springframework.security.web.access.intercept.FilterSecurityInterceptor@25beddd]
2021-12-09 00:54:20.131  INFO 26926 --- [    Test worker] o.s.s.concurrent.ThreadPoolTaskExecutor  : Initializing ExecutorService 'applicationTaskExecutor'
2021-12-09 00:54:20.278  INFO 26926 --- [    Test worker] o.s.b.a.w.s.WelcomePageHandlerMapping    : Adding welcome page template: index
2021-12-09 00:54:20.671  INFO 26926 --- [    Test worker] o.s.b.w.embedded.tomcat.TomcatWebServer  : Tomcat started on port(s): 56696 (http) with context path ''
2021-12-09 00:54:20.689  INFO 26926 --- [    Test worker] s.a.ScheduledAnnotationBeanPostProcessor : No TaskScheduler/ScheduledExecutorService bean found for scheduled processing
2021-12-09 00:54:20.706  INFO 26926 --- [    Test worker] c.j.b.s.web.IndexControllerTest          : Started IndexControllerTest in 6.369 seconds (JVM running for 12.016)
2021-12-09 00:54:21.106  INFO 26926 --- [o-auto-1-exec-1] o.a.c.c.C.[Tomcat].[localhost].[/]       : Initializing Spring DispatcherServlet 'dispatcherServlet'
2021-12-09 00:54:21.107  INFO 26926 --- [o-auto-1-exec-1] o.s.web.servlet.DispatcherServlet        : Initializing Servlet 'dispatcherServlet'
2021-12-09 00:54:21.109  INFO 26926 --- [o-auto-1-exec-1] o.s.web.servlet.DispatcherServlet        : Completed initialization in 2 ms
Hibernate: select posts0_.id as id1_0_, posts0_.created_date as created_2_0_, posts0_.modified_date as modified3_0_, posts0_.author as author4_0_, posts0_.content as content5_0_, posts0_.title as title6_0_ from posts posts0_ order by posts0_.id DESC
]]></system-out>
  <system-err><![CDATA[]]></system-err>
</testsuite>
